Unity Editor version:    2020.3.32f1 (12f8b0834f07)
Branch:                  2020.3/staging
Build type:              Release
Batch mode:              YES
macOS version:           Version 12.2.1 (Build 21D62)
Darwin version:          21.3.0
Architecture:            x86_64
Running under Rosetta:   NO
Available memory:        16384 MB
Using pre-set license
Pro License: NO

COMMAND LINE ARGUMENTS:
/Applications/Unity/Hub/Editor/2020.3.32f1/Unity.app/Contents/MacOS/Unity
-adb2
-batchMode
-noUpm
-name
AssetImportWorker0
-projectPath
/Users/siddharthnand/Google Drive/Unity Projects/Hungry Blob
-logFile
Logs/AssetImportWorker0.log
-srvPort
53416
Successfully changed project path to: /Users/siddharthnand/Google Drive/Unity Projects/Hungry Blob
/Users/siddharthnand/Google Drive/Unity Projects/Hungry Blob
Using Asset Import Pipeline V2.
Refreshing native plugins compatible for Editor in 66.11 ms, found 2 plugins.
Preloading 0 native plugins for Editor in 0.00 ms.
Initialize engine version: 2020.3.32f1 (12f8b0834f07)
[Subsystems] Discovering subsystems at path /Applications/Unity/Hub/Editor/2020.3.32f1/Unity.app/Contents/Resources/UnitySubsystems
[Subsystems] Discovering subsystems at path /Users/siddharthnand/Google Drive/Unity Projects/Hungry Blob/Assets
GfxDevice: creating device client; threaded=0
2022-03-25 15:16:53.104 Unity[93984:1801713] Color LCD preferred device: Intel(R) Iris(TM) Plus Graphics (low power)
2022-03-25 15:16:53.104 Unity[93984:1801713] Metal devices available: 1
2022-03-25 15:16:53.105 Unity[93984:1801713] 0: Intel(R) Iris(TM) Plus Graphics (low power)
2022-03-25 15:16:53.105 Unity[93984:1801713] Using device Intel(R) Iris(TM) Plus Graphics (low power)
Initializing Metal device caps: Intel(R) Iris(TM) Plus Graphics
Initialize mono
Mono path[0] = '/Applications/Unity/Hub/Editor/2020.3.32f1/Unity.app/Contents/Managed'
Mono path[1] = '/Applications/Unity/Hub/Editor/2020.3.32f1/Unity.app/Contents/MonoBleedingEdge/lib/mono/unityjit'
Mono config path = '/Applications/Unity/Hub/Editor/2020.3.32f1/Unity.app/Contents/MonoBleedingEdge/etc'
Using monoOptions --debugger-agent=transport=dt_socket,embedding=1,server=y,suspend=n,address=127.0.0.1:56984
Begin MonoManager ReloadAssembly
Registering precompiled unity dll's ...
Register platform support module: /Applications/Unity/Hub/Editor/2020.3.32f1/PlaybackEngines/WebGLSupport/UnityEditor.WebGL.Extensions.dll
Register platform support module: /Applications/Unity/Hub/Editor/2020.3.32f1/Unity.app/Contents/PlaybackEngines/MacStandaloneSupport/UnityEditor.OSXStandalone.Extensions.dll
Registered in 0.000719 seconds.
Native extension for OSXStandalone target not found
Native extension for WebGL target not found
Refreshing native plugins compatible for Editor in 86.76 ms, found 2 plugins.
Preloading 0 native plugins for Editor in 0.00 ms.
Mono: successfully reloaded assembly
- Completed reload, in  1.019 seconds
Domain Reload Profiling:
	ReloadAssembly (1019ms)
		BeginReloadAssembly (82ms)
			ExecutionOrderSort (0ms)
			DisableScriptedObjects (0ms)
			BackupInstance (0ms)
			ReleaseScriptingObjects (0ms)
			CreateAndSetChildDomain (1ms)
		EndReloadAssembly (834ms)
			LoadAssemblies (84ms)
			RebuildTransferFunctionScriptingTraits (0ms)
			SetupTypeCache (291ms)
			ReleaseScriptCaches (0ms)
			RebuildScriptCaches (70ms)
			SetupLoadedEditorAssemblies (334ms)
				LogAssemblyErrors (0ms)
				InitializePlatformSupportModulesInManaged (9ms)
				SetLoadedEditorAssemblies (0ms)
				RefreshPlugins (87ms)
				BeforeProcessingInitializeOnLoad (18ms)
				ProcessInitializeOnLoadAttributes (179ms)
				ProcessInitializeOnLoadMethodAttributes (40ms)
				AfterProcessingInitializeOnLoad (0ms)
				EditorAssembliesLoaded (0ms)
			ExecutionOrderSort2 (0ms)
			AwakeInstancesAfterBackupRestoration (0ms)
Platform modules already initialized, skipping
Registering precompiled user dll's ...
Registered in 0.002057 seconds.
Begin MonoManager ReloadAssembly
Native extension for OSXStandalone target not found
Native extension for WebGL target not found
Refreshing native plugins compatible for Editor in 0.85 ms, found 2 plugins.
Preloading 0 native plugins for Editor in 0.00 ms.
Mono: successfully reloaded assembly
- Completed reload, in  1.653 seconds
Domain Reload Profiling:
	ReloadAssembly (1654ms)
		BeginReloadAssembly (188ms)
			ExecutionOrderSort (0ms)
			DisableScriptedObjects (6ms)
			BackupInstance (0ms)
			ReleaseScriptingObjects (0ms)
			CreateAndSetChildDomain (28ms)
		EndReloadAssembly (1348ms)
			LoadAssemblies (115ms)
			RebuildTransferFunctionScriptingTraits (0ms)
			SetupTypeCache (478ms)
			ReleaseScriptCaches (1ms)
			RebuildScriptCaches (87ms)
			SetupLoadedEditorAssemblies (522ms)
				LogAssemblyErrors (0ms)
				InitializePlatformSupportModulesInManaged (7ms)
				SetLoadedEditorAssemblies (1ms)
				RefreshPlugins (1ms)
				BeforeProcessingInitializeOnLoad (82ms)
				ProcessInitializeOnLoadAttributes (336ms)
				ProcessInitializeOnLoadMethodAttributes (94ms)
				AfterProcessingInitializeOnLoad (1ms)
				EditorAssembliesLoaded (0ms)
			ExecutionOrderSort2 (0ms)
			AwakeInstancesAfterBackupRestoration (9ms)
Platform modules already initialized, skipping
Validating Project structure ... 0.002719 seconds.
Shader import version has changed; will reimport all shaders...
Upgrading shader files ...0.002756 seconds.
Application.AssetDatabase Initial Script Refresh Start
RefreshInfo: InitialScriptRefreshV2(NoUpdateAssetOptions) scanfilter:  ... 1 filters
RefreshProfiler: Total: 0.000ms
Application.AssetDatabase Initial Script Refresh End
Application.AssetDatabase.Refresh Start
Application.AssetDatabase.Refresh End
RefreshInfo: StopAssetImportingV2(ForceSynchronousImport) scanfilter: 
RefreshProfiler: Total: 0.000ms
Launching external process: /Applications/Unity/Hub/Editor/2020.3.32f1/Unity.app/Contents/Tools/UnityShaderCompiler
Launched and connected shader compiler UnityShaderCompiler after 0.02 seconds
Initializing Unity extensions:
[C# Project] Writing /Users/siddharthnand/Google Drive/Unity Projects/Hungry Blob/Hungry Blob.sln because it has changed
[C# Project] First difference on line 4

[C# Project] Current /Users/siddharthnand/Google Drive/Unity Projects/Hungry Blob/Hungry Blob.sln:
[C# Project]   004: Project("{FAE04EC0-301F-11D3-BF4B-00C04F79EFBC}") = "Assembly-CSharp", "Assembly-CSharp.csproj", "{1E9201B2-469E-3C76-04F9-27099659EE20}"
[C# Project]   005: EndProject
[C# Project]   006: Global
[C# Project]   007: 	GlobalSection(SolutionConfigurationPlatforms) = preSolution
[C# Project]   008: 		Debug|Any CPU = Debug|Any CPU

[C# Project] New /Users/siddharthnand/Google Drive/Unity Projects/Hungry Blob/Hungry Blob.sln:
[C# Project]   004: Project("{FAE04EC0-301F-11D3-BF4B-00C04F79EFBC}") = "UnityEngine.UI", "UnityEngine.UI.csproj", "{BF4391D6-8A9A-6689-4F60-7E5C7CE30F23}"
[C# Project]   005: EndProject
[C# Project]   006: Project("{FAE04EC0-301F-11D3-BF4B-00C04F79EFBC}") = "UnityEngine.TestRunner", "UnityEngine.TestRunner.csproj", "{9987367C-255F-AB47-AD53-DE3717CE7509}"
[C# Project]   007: EndProject
[C# Project]   008: Project("{FAE04EC0-301F-11D3-BF4B-00C04F79EFBC}") = "UnityEngine.XR.LegacyInputHelpers", "UnityEngine.XR.LegacyInputHelpers.csproj", "{69F094B1-C4FD-FADC-68FB-B6E0DC6A1F3E}"
[C# Project] Writing /Users/siddharthnand/Google Drive/Unity Projects/Hungry Blob/Assembly-CSharp.csproj because it has changed
[C# Project] First difference on line 641

[C# Project] Current /Users/siddharthnand/Google Drive/Unity Projects/Hungry Blob/Assembly-CSharp.csproj:
[C# Project]   641:  <Reference Include="Purchasing.Common">
[C# Project]   642:  <HintPath>/Users/siddharthnand/Google Drive/Unity Projects/Hungry Blob/Library/ScriptAssemblies/Purchasing.Common.dll</HintPath>
[C# Project]   643:  </Reference>
[C# Project]   644:  <Reference Include="Unity.VSCode.Editor">
[C# Project]   645:  <HintPath>/Users/siddharthnand/Google Drive/Unity Projects/Hungry Blob/Library/ScriptAssemblies/Unity.VSCode.Editor.dll</HintPath>

[C# Project] New /Users/siddharthnand/Google Drive/Unity Projects/Hungry Blob/Assembly-CSharp.csproj:
[C# Project]   641:   </ItemGroup>
[C# Project]   642:   <ItemGroup>
[C# Project]   643:     <ProjectReference Include="Purchasing.Common.csproj">
[C# Project]   644:       <Project>{8A617127-3340-35DE-5BAC-A1FB875D8EFB}</Project>
[C# Project]   645:       <Name>Purchasing.Common</Name>
2022-03-25 15:16:57.916 Unity[93984:1801713] NSEventModifierFlagFunction specified to -setKeyEquivalentModifierMask: for item <NSMenuItem: 0x600003e37870 Font Asset, ke='Command-F12'>, but is only supported for system-provided menu items; will not be used
2022-03-25 15:16:57.921 Unity[93984:1801713] NSEventModifierFlagFunction specified to -setKeyEquivalentModifierMask: for item <NSMenuItem: 0x600003e41ab0 Font Asset, ke='Command-F12'>, but is only supported for system-provided menu items; will not be used
========================================================================
Worker process is ready to serve import requests
Refreshing native plugins compatible for Editor in 0.71 ms, found 2 plugins.
Preloading 0 native plugins for Editor in 0.00 ms.
Unloading 2148 Unused Serialized files (Serialized files now loaded: 0)
System memory in use before: 198.9 MB.
System memory in use after: 198.1 MB.

Unloading 146 unused Assets to reduce memory usage. Loaded Objects now: 2593.
Total: 8.230199 ms (FindLiveObjects: 0.220769 ms CreateObjectMapping: 0.104295 ms MarkObjects: 7.174788 ms  DeleteObjects: 0.729191 ms)

AssetImportParameters requested are different than current active one (requested -> active):
  custom:video-decoder-ogg-theora: a1e56fd34408186e4bbccfd4996cb3dc -> 
  custom:container-muxer-webm: aa71ff27fc2769a1b78a27578f13a17b -> 
  custom:container-demuxer-webm: 4f35f7cbe854078d1ac9338744f61a02 -> 
  custom:container-demuxer-ogg: 62fdf1f143b41e24485cea50d1cbac27 -> 
  custom:video-encoder-webm-vp8: eb34c28f22e8b96e1ab97ce403110664 -> 
  custom:framework-osx-AVFoundation: e770b220cccbd017edd2c1fefb359320 -> 
  custom:video-decoder-webm-vp8: 9c59270c3fd7afecdb556c50c9e8de78 -> 
  custom:audio-decoder-ogg-vorbis: bf7c407c2cedff20999df2af8eb42d56 -> 
  custom:audio-encoder-webm-vorbis: bf7c407c2cedff20999df2af8eb42d56 -> 
========================================================================
Received Import Request.
  path: Assets/_Scenes/Main Game.unity
  artifactKey: Guid(08273af187053fd449dc36f18aa994b5) Importer(815301076,1909f56bfc062723c751e8b465ee728b)
Start importing Assets/_Scenes/Main Game.unity using Guid(08273af187053fd449dc36f18aa994b5) Importer(815301076,1909f56bfc062723c751e8b465ee728b)  -> (artifact id: '9d6ba031c101f3c5f29890f642d29440') in 0.004986 seconds 
========================================================================
Received Import Request.
  Time since last request: 18.865107 seconds.
  path: Assets/Scripts/Managers
  artifactKey: Guid(4b086f928fd7d8243b81cdfd422c44d8) Importer(815301076,1909f56bfc062723c751e8b465ee728b)
Start importing Assets/Scripts/Managers using Guid(4b086f928fd7d8243b81cdfd422c44d8) Importer(815301076,1909f56bfc062723c751e8b465ee728b)  -> (artifact id: '968ac177819c86929e63b524c5405264') in 0.001306 seconds 
========================================================================
Received Import Request.
  Time since last request: 2.727377 seconds.
  path: Assets/Scripts/Managers/ButtonClickManager.cs
  artifactKey: Guid(c7083021c5e870b4dbd6c632c4c34b9f) Importer(815301076,1909f56bfc062723c751e8b465ee728b)
Start importing Assets/Scripts/Managers/ButtonClickManager.cs using Guid(c7083021c5e870b4dbd6c632c4c34b9f) Importer(815301076,1909f56bfc062723c751e8b465ee728b)  -> (artifact id: '592785956d39298440a61886547ceb76') in 0.509407 seconds 
========================================================================
Received Import Request.
  Time since last request: 1.330713 seconds.
  path: Assets/Scripts/Managers/DontDestroy.cs
  artifactKey: Guid(ed339a1c51a062e418910d10a3628eaf) Importer(815301076,1909f56bfc062723c751e8b465ee728b)
Start importing Assets/Scripts/Managers/DontDestroy.cs using Guid(ed339a1c51a062e418910d10a3628eaf) Importer(815301076,1909f56bfc062723c751e8b465ee728b)  -> (artifact id: '9ef2df1b937ed53eac79dcd2a4c965c1') in 0.002985 seconds 
========================================================================
Received Import Request.
  Time since last request: 0.482517 seconds.
  path: Assets/Scripts/Managers/ScoreManager.cs
  artifactKey: Guid(a6addd46a5cfe5a4b9b68fb1fc586a69) Importer(815301076,1909f56bfc062723c751e8b465ee728b)
Start importing Assets/Scripts/Managers/ScoreManager.cs using Guid(a6addd46a5cfe5a4b9b68fb1fc586a69) Importer(815301076,1909f56bfc062723c751e8b465ee728b)  -> (artifact id: '37f9aaefc9c9d8e16b366685bb1be424') in 0.003010 seconds 
========================================================================
Received Import Request.
  Time since last request: 0.624499 seconds.
  path: Assets/Scripts/Managers/SoundManager.cs
  artifactKey: Guid(8f16450f5eff46148a5d8b3853a20f27) Importer(815301076,1909f56bfc062723c751e8b465ee728b)
Start importing Assets/Scripts/Managers/SoundManager.cs using Guid(8f16450f5eff46148a5d8b3853a20f27) Importer(815301076,1909f56bfc062723c751e8b465ee728b)  -> (artifact id: '4836d98dfb886cb4d2b909c1050fd604') in 0.001752 seconds 
========================================================================
Received Import Request.
  Time since last request: 0.932987 seconds.
  path: Assets/Scripts/Managers/GameManager.cs
  artifactKey: Guid(11e684a6f2aaf324f984cf4cdeb40fa8) Importer(815301076,1909f56bfc062723c751e8b465ee728b)
Start importing Assets/Scripts/Managers/GameManager.cs using Guid(11e684a6f2aaf324f984cf4cdeb40fa8) Importer(815301076,1909f56bfc062723c751e8b465ee728b)  -> (artifact id: 'f518e2bd078d13a9ae98852f19bcbf6b') in 0.001922 seconds 
========================================================================
Received Import Request.
  Time since last request: 16.879128 seconds.
  path: Assets/Scripts/Managers/AdManager.cs
  artifactKey: Guid(8b3bf0e38e095f24a87e8f2b1033a115) Importer(815301076,1909f56bfc062723c751e8b465ee728b)
Start importing Assets/Scripts/Managers/AdManager.cs using Guid(8b3bf0e38e095f24a87e8f2b1033a115) Importer(815301076,1909f56bfc062723c751e8b465ee728b)  -> (artifact id: 'b7da9114f715d172e7ffeac0f833cd52') in 0.002361 seconds 
========================================================================
Received Import Request.
  Time since last request: 6.032221 seconds.
  path: Assets/Scripts/Generate/GenerateEnemy.cs
  artifactKey: Guid(d9e4688bee72c3c4dbc19fef2cde1732) Importer(815301076,1909f56bfc062723c751e8b465ee728b)
Start importing Assets/Scripts/Generate/GenerateEnemy.cs using Guid(d9e4688bee72c3c4dbc19fef2cde1732) Importer(815301076,1909f56bfc062723c751e8b465ee728b)  -> (artifact id: 'c71c33136758b1483c03b5d7afb9da20') in 0.001790 seconds 
========================================================================
Received Import Request.
  Time since last request: 0.769483 seconds.
  path: Assets/Scripts/Generate/GenerateFood.cs
  artifactKey: Guid(8286dec49fb8c2e469c5c3592558648b) Importer(815301076,1909f56bfc062723c751e8b465ee728b)
Start importing Assets/Scripts/Generate/GenerateFood.cs using Guid(8286dec49fb8c2e469c5c3592558648b) Importer(815301076,1909f56bfc062723c751e8b465ee728b)  -> (artifact id: 'b21d9f562ef1bf8e8aba2ede1c6814f4') in 0.001817 seconds 
========================================================================
Received Import Request.
  Time since last request: 0.487273 seconds.
  path: Assets/Scripts/Generate/GeneratePlatforms.cs
  artifactKey: Guid(e73174d964d79bb4d99dc9a7d10931e6) Importer(815301076,1909f56bfc062723c751e8b465ee728b)
Start importing Assets/Scripts/Generate/GeneratePlatforms.cs using Guid(e73174d964d79bb4d99dc9a7d10931e6) Importer(815301076,1909f56bfc062723c751e8b465ee728b)  -> (artifact id: '12f65e64f12000351dc593a7eefe084f') in 0.001662 seconds 
========================================================================
Received Import Request.
  Time since last request: 3.459739 seconds.
  path: Assets/Scripts/GameObjects/Instructions.cs
  artifactKey: Guid(58ded36ad63b89841a37fa617a337ea3) Importer(815301076,1909f56bfc062723c751e8b465ee728b)
Start importing Assets/Scripts/GameObjects/Instructions.cs using Guid(58ded36ad63b89841a37fa617a337ea3) Importer(815301076,1909f56bfc062723c751e8b465ee728b)  -> (artifact id: 'dc923096d12ea3f6a383d009aad8667f') in 0.001793 seconds 
========================================================================
Received Import Request.
  Time since last request: 1.055612 seconds.
  path: Assets/Scripts/GameObjects/Platform.cs
  artifactKey: Guid(a715f5ea2e779be4a80302523caa3e22) Importer(815301076,1909f56bfc062723c751e8b465ee728b)
Start importing Assets/Scripts/GameObjects/Platform.cs using Guid(a715f5ea2e779be4a80302523caa3e22) Importer(815301076,1909f56bfc062723c751e8b465ee728b)  -> (artifact id: '6e0aa3dac8a7bc21dce00aa29cfd68f3') in 0.001844 seconds 
========================================================================
Received Import Request.
  Time since last request: 0.602936 seconds.
  path: Assets/Scripts/GameObjects/Player.cs
  artifactKey: Guid(5c78121f04e68dd4d9cca02025eefa3e) Importer(815301076,1909f56bfc062723c751e8b465ee728b)
Start importing Assets/Scripts/GameObjects/Player.cs using Guid(5c78121f04e68dd4d9cca02025eefa3e) Importer(815301076,1909f56bfc062723c751e8b465ee728b)  -> (artifact id: '56a49b62a651e3e424fb72fe9f69657e') in 0.002083 seconds 
========================================================================
Received Prepare
Registering precompiled user dll's ...
Registered in 0.007665 seconds.
Begin MonoManager ReloadAssembly
Native extension for OSXStandalone target not found
Native extension for WebGL target not found
Refreshing native plugins compatible for Editor in 0.95 ms, found 2 plugins.
Preloading 0 native plugins for Editor in 0.00 ms.
2022-03-25 15:18:57.545 Unity[93984:1801713] NSEventModifierFlagFunction specified to -setKeyEquivalentModifierMask: for item <NSMenuItem: 0x600003e21730 Font Asset, ke='Command-F12'>, but is only supported for system-provided menu items; will not be used
Mono: successfully reloaded assembly
- Completed reload, in  1.830 seconds
Domain Reload Profiling:
	ReloadAssembly (1830ms)
		BeginReloadAssembly (218ms)
			ExecutionOrderSort (0ms)
			DisableScriptedObjects (9ms)
			BackupInstance (0ms)
			ReleaseScriptingObjects (0ms)
			CreateAndSetChildDomain (80ms)
		EndReloadAssembly (1519ms)
			LoadAssemblies (190ms)
			RebuildTransferFunctionScriptingTraits (0ms)
			SetupTypeCache (479ms)
			ReleaseScriptCaches (1ms)
			RebuildScriptCaches (71ms)
			SetupLoadedEditorAssemblies (622ms)
				LogAssemblyErrors (0ms)
				InitializePlatformSupportModulesInManaged (8ms)
				SetLoadedEditorAssemblies (1ms)
				RefreshPlugins (1ms)
				BeforeProcessingInitializeOnLoad (130ms)
				ProcessInitializeOnLoadAttributes (354ms)
				ProcessInitializeOnLoadMethodAttributes (126ms)
				AfterProcessingInitializeOnLoad (1ms)
				EditorAssembliesLoaded (0ms)
			ExecutionOrderSort2 (0ms)
			AwakeInstancesAfterBackupRestoration (14ms)
Platform modules already initialized, skipping
Refreshing native plugins compatible for Editor in 0.98 ms, found 2 plugins.
Preloading 0 native plugins for Editor in 0.00 ms.
Unloading 2141 Unused Serialized files (Serialized files now loaded: 0)
System memory in use before: 199.4 MB.
System memory in use after: 199.5 MB.

Unloading 47 unused Assets to reduce memory usage. Loaded Objects now: 2597.
Total: 9.373356 ms (FindLiveObjects: 0.299907 ms CreateObjectMapping: 0.142742 ms MarkObjects: 8.789663 ms  DeleteObjects: 0.139237 ms)

AssetImportParameters requested are different than current active one (requested -> active):
  custom:video-decoder-ogg-theora: a1e56fd34408186e4bbccfd4996cb3dc -> 
  custom:container-muxer-webm: aa71ff27fc2769a1b78a27578f13a17b -> 
  custom:container-demuxer-webm: 4f35f7cbe854078d1ac9338744f61a02 -> 
  custom:container-demuxer-ogg: 62fdf1f143b41e24485cea50d1cbac27 -> 
  custom:video-encoder-webm-vp8: eb34c28f22e8b96e1ab97ce403110664 -> 
  custom:framework-osx-AVFoundation: e770b220cccbd017edd2c1fefb359320 -> 
  custom:video-decoder-webm-vp8: 9c59270c3fd7afecdb556c50c9e8de78 -> 
  custom:audio-decoder-ogg-vorbis: bf7c407c2cedff20999df2af8eb42d56 -> 
  custom:audio-encoder-webm-vorbis: bf7c407c2cedff20999df2af8eb42d56 -> 
========================================================================
Received Prepare
Registering precompiled user dll's ...
Registered in 0.002796 seconds.
Begin MonoManager ReloadAssembly
Native extension for OSXStandalone target not found
Native extension for WebGL target not found
Refreshing native plugins compatible for Editor in 0.90 ms, found 2 plugins.
Preloading 0 native plugins for Editor in 0.00 ms.
2022-03-25 15:20:47.027 Unity[93984:1801713] NSEventModifierFlagFunction specified to -setKeyEquivalentModifierMask: for item <NSMenuItem: 0x600003e328b0 Font Asset, ke='Command-F12'>, but is only supported for system-provided menu items; will not be used
Mono: successfully reloaded assembly
- Completed reload, in  1.873 seconds
Domain Reload Profiling:
	ReloadAssembly (1874ms)
		BeginReloadAssembly (168ms)
			ExecutionOrderSort (0ms)
			DisableScriptedObjects (8ms)
			BackupInstance (0ms)
			ReleaseScriptingObjects (0ms)
			CreateAndSetChildDomain (69ms)
		EndReloadAssembly (1608ms)
			LoadAssemblies (126ms)
			RebuildTransferFunctionScriptingTraits (0ms)
			SetupTypeCache (584ms)
			ReleaseScriptCaches (1ms)
			RebuildScriptCaches (73ms)
			SetupLoadedEditorAssemblies (607ms)
				LogAssemblyErrors (0ms)
				InitializePlatformSupportModulesInManaged (8ms)
				SetLoadedEditorAssemblies (1ms)
				RefreshPlugins (1ms)
				BeforeProcessingInitializeOnLoad (155ms)
				ProcessInitializeOnLoadAttributes (320ms)
				ProcessInitializeOnLoadMethodAttributes (120ms)
				AfterProcessingInitializeOnLoad (2ms)
				EditorAssembliesLoaded (1ms)
			ExecutionOrderSort2 (0ms)
			AwakeInstancesAfterBackupRestoration (16ms)
Platform modules already initialized, skipping
Refreshing native plugins compatible for Editor in 0.80 ms, found 2 plugins.
Preloading 0 native plugins for Editor in 0.00 ms.
Unloading 2141 Unused Serialized files (Serialized files now loaded: 0)
System memory in use before: 200.1 MB.
System memory in use after: 200.2 MB.

Unloading 46 unused Assets to reduce memory usage. Loaded Objects now: 2600.
Total: 8.243156 ms (FindLiveObjects: 0.157884 ms CreateObjectMapping: 0.073157 ms MarkObjects: 7.967437 ms  DeleteObjects: 0.043317 ms)

AssetImportParameters requested are different than current active one (requested -> active):
  custom:video-decoder-ogg-theora: a1e56fd34408186e4bbccfd4996cb3dc -> 
  custom:container-muxer-webm: aa71ff27fc2769a1b78a27578f13a17b -> 
  custom:container-demuxer-webm: 4f35f7cbe854078d1ac9338744f61a02 -> 
  custom:container-demuxer-ogg: 62fdf1f143b41e24485cea50d1cbac27 -> 
  custom:video-encoder-webm-vp8: eb34c28f22e8b96e1ab97ce403110664 -> 
  custom:framework-osx-AVFoundation: e770b220cccbd017edd2c1fefb359320 -> 
  custom:video-decoder-webm-vp8: 9c59270c3fd7afecdb556c50c9e8de78 -> 
  custom:audio-decoder-ogg-vorbis: bf7c407c2cedff20999df2af8eb42d56 -> 
  custom:audio-encoder-webm-vorbis: bf7c407c2cedff20999df2af8eb42d56 -> 
========================================================================
Received Import Request.
  Time since last request: 171.892034 seconds.
  path: Assets/Scripts/GameObjects/Player.cs
  artifactKey: Guid(5c78121f04e68dd4d9cca02025eefa3e) Importer(815301076,1909f56bfc062723c751e8b465ee728b)
Start importing Assets/Scripts/GameObjects/Player.cs using Guid(5c78121f04e68dd4d9cca02025eefa3e) Importer(815301076,1909f56bfc062723c751e8b465ee728b)  -> (artifact id: '5d9d72bb9682423380ff8fb971702604') in 0.005420 seconds 
========================================================================
Received Prepare
Registering precompiled user dll's ...
Registered in 0.003237 seconds.
Begin MonoManager ReloadAssembly
Native extension for OSXStandalone target not found
Native extension for WebGL target not found
Refreshing native plugins compatible for Editor in 0.86 ms, found 2 plugins.
Preloading 0 native plugins for Editor in 0.00 ms.
2022-03-25 15:21:23.831 Unity[93984:1801713] NSEventModifierFlagFunction specified to -setKeyEquivalentModifierMask: for item <NSMenuItem: 0x600003e33c60 Font Asset, ke='Command-F12'>, but is only supported for system-provided menu items; will not be used
Mono: successfully reloaded assembly
- Completed reload, in  1.692 seconds
Domain Reload Profiling:
	ReloadAssembly (1693ms)
		BeginReloadAssembly (152ms)
			ExecutionOrderSort (0ms)
			DisableScriptedObjects (8ms)
			BackupInstance (0ms)
			ReleaseScriptingObjects (0ms)
			CreateAndSetChildDomain (67ms)
		EndReloadAssembly (1455ms)
			LoadAssemblies (108ms)
			RebuildTransferFunctionScriptingTraits (0ms)
			SetupTypeCache (506ms)
			ReleaseScriptCaches (1ms)
			RebuildScriptCaches (68ms)
			SetupLoadedEditorAssemblies (590ms)
				LogAssemblyErrors (0ms)
				InitializePlatformSupportModulesInManaged (8ms)
				SetLoadedEditorAssemblies (1ms)
				RefreshPlugins (1ms)
				BeforeProcessingInitializeOnLoad (155ms)
				ProcessInitializeOnLoadAttributes (314ms)
				ProcessInitializeOnLoadMethodAttributes (109ms)
				AfterProcessingInitializeOnLoad (1ms)
				EditorAssembliesLoaded (0ms)
			ExecutionOrderSort2 (0ms)
			AwakeInstancesAfterBackupRestoration (14ms)
Platform modules already initialized, skipping
Refreshing native plugins compatible for Editor in 0.82 ms, found 2 plugins.
Preloading 0 native plugins for Editor in 0.00 ms.
Unloading 2141 Unused Serialized files (Serialized files now loaded: 0)
System memory in use before: 200.3 MB.
System memory in use after: 200.4 MB.

Unloading 46 unused Assets to reduce memory usage. Loaded Objects now: 2603.
Total: 7.669429 ms (FindLiveObjects: 0.156739 ms CreateObjectMapping: 0.074382 ms MarkObjects: 7.370671 ms  DeleteObjects: 0.065938 ms)

AssetImportParameters requested are different than current active one (requested -> active):
  custom:video-decoder-ogg-theora: a1e56fd34408186e4bbccfd4996cb3dc -> 
  custom:container-muxer-webm: aa71ff27fc2769a1b78a27578f13a17b -> 
  custom:container-demuxer-webm: 4f35f7cbe854078d1ac9338744f61a02 -> 
  custom:container-demuxer-ogg: 62fdf1f143b41e24485cea50d1cbac27 -> 
  custom:video-encoder-webm-vp8: eb34c28f22e8b96e1ab97ce403110664 -> 
  custom:framework-osx-AVFoundation: e770b220cccbd017edd2c1fefb359320 -> 
  custom:video-decoder-webm-vp8: 9c59270c3fd7afecdb556c50c9e8de78 -> 
  custom:audio-decoder-ogg-vorbis: bf7c407c2cedff20999df2af8eb42d56 -> 
  custom:audio-encoder-webm-vorbis: bf7c407c2cedff20999df2af8eb42d56 -> 
========================================================================
Received Import Request.
  Time since last request: 36.514813 seconds.
  path: Assets/Scripts/GameObjects/Instructions.cs
  artifactKey: Guid(58ded36ad63b89841a37fa617a337ea3) Importer(815301076,1909f56bfc062723c751e8b465ee728b)
Start importing Assets/Scripts/GameObjects/Instructions.cs using Guid(58ded36ad63b89841a37fa617a337ea3) Importer(815301076,1909f56bfc062723c751e8b465ee728b)  -> (artifact id: 'f14694a35587a853bbb0df110c0ac803') in 0.005527 seconds 
========================================================================
Received Prepare
Registering precompiled user dll's ...
Registered in 0.003216 seconds.
Begin MonoManager ReloadAssembly
Native extension for OSXStandalone target not found
Native extension for WebGL target not found
Refreshing native plugins compatible for Editor in 1.58 ms, found 2 plugins.
Preloading 0 native plugins for Editor in 0.00 ms.
2022-03-25 15:22:18.700 Unity[93984:1801713] NSEventModifierFlagFunction specified to -setKeyEquivalentModifierMask: for item <NSMenuItem: 0x600003e27c60 Font Asset, ke='Command-F12'>, but is only supported for system-provided menu items; will not be used
Mono: successfully reloaded assembly
- Completed reload, in  1.896 seconds
Domain Reload Profiling:
	ReloadAssembly (1909ms)
		BeginReloadAssembly (141ms)
			ExecutionOrderSort (0ms)
			DisableScriptedObjects (8ms)
			BackupInstance (0ms)
			ReleaseScriptingObjects (0ms)
			CreateAndSetChildDomain (51ms)
		EndReloadAssembly (1664ms)
			LoadAssemblies (112ms)
			RebuildTransferFunctionScriptingTraits (0ms)
			SetupTypeCache (504ms)
			ReleaseScriptCaches (2ms)
			RebuildScriptCaches (91ms)
			SetupLoadedEditorAssemblies (724ms)
				LogAssemblyErrors (0ms)
				InitializePlatformSupportModulesInManaged (10ms)
				SetLoadedEditorAssemblies (1ms)
				RefreshPlugins (2ms)
				BeforeProcessingInitializeOnLoad (147ms)
				ProcessInitializeOnLoadAttributes (426ms)
				ProcessInitializeOnLoadMethodAttributes (136ms)
				AfterProcessingInitializeOnLoad (1ms)
				EditorAssembliesLoaded (0ms)
			ExecutionOrderSort2 (0ms)
			AwakeInstancesAfterBackupRestoration (14ms)
Platform modules already initialized, skipping
Refreshing native plugins compatible for Editor in 0.91 ms, found 2 plugins.
Preloading 0 native plugins for Editor in 0.00 ms.
Unloading 2141 Unused Serialized files (Serialized files now loaded: 0)
System memory in use before: 200.5 MB.
System memory in use after: 200.6 MB.

Unloading 46 unused Assets to reduce memory usage. Loaded Objects now: 2606.
Total: 9.951758 ms (FindLiveObjects: 0.161302 ms CreateObjectMapping: 0.138177 ms MarkObjects: 9.567239 ms  DeleteObjects: 0.082652 ms)

AssetImportParameters requested are different than current active one (requested -> active):
  custom:video-decoder-ogg-theora: a1e56fd34408186e4bbccfd4996cb3dc -> 
  custom:container-muxer-webm: aa71ff27fc2769a1b78a27578f13a17b -> 
  custom:container-demuxer-webm: 4f35f7cbe854078d1ac9338744f61a02 -> 
  custom:container-demuxer-ogg: 62fdf1f143b41e24485cea50d1cbac27 -> 
  custom:video-encoder-webm-vp8: eb34c28f22e8b96e1ab97ce403110664 -> 
  custom:framework-osx-AVFoundation: e770b220cccbd017edd2c1fefb359320 -> 
  custom:video-decoder-webm-vp8: 9c59270c3fd7afecdb556c50c9e8de78 -> 
  custom:audio-decoder-ogg-vorbis: bf7c407c2cedff20999df2af8eb42d56 -> 
  custom:audio-encoder-webm-vorbis: bf7c407c2cedff20999df2af8eb42d56 -> 
========================================================================
Received Import Request.
  Time since last request: 170.472386 seconds.
  path: Assets/Art/Icons/v2/Android 512x512.png
  artifactKey: Guid(8d0e886285577fc40b65d7b9163747cf) Importer(815301076,1909f56bfc062723c751e8b465ee728b)
Start importing Assets/Art/Icons/v2/Android 512x512.png using Guid(8d0e886285577fc40b65d7b9163747cf) Importer(815301076,1909f56bfc062723c751e8b465ee728b)  -> (artifact id: 'e62d8d43967adb15c5b4de54666a637e') in 2.256515 seconds 
========================================================================
Received Prepare
Registering precompiled user dll's ...
Registered in 0.001940 seconds.
Begin MonoManager ReloadAssembly
Native extension for OSXStandalone target not found
Native extension for WebGL target not found
Refreshing native plugins compatible for Editor in 0.90 ms, found 2 plugins.
Preloading 0 native plugins for Editor in 0.00 ms.
2022-03-25 15:26:13.613 Unity[93984:1801713] NSEventModifierFlagFunction specified to -setKeyEquivalentModifierMask: for item <NSMenuItem: 0x600003e37410 Font Asset, ke='Command-F12'>, but is only supported for system-provided menu items; will not be used
Mono: successfully reloaded assembly
- Completed reload, in  1.586 seconds
Domain Reload Profiling:
	ReloadAssembly (1587ms)
		BeginReloadAssembly (140ms)
			ExecutionOrderSort (0ms)
			DisableScriptedObjects (8ms)
			BackupInstance (0ms)
			ReleaseScriptingObjects (0ms)
			CreateAndSetChildDomain (62ms)
		EndReloadAssembly (1341ms)
			LoadAssemblies (113ms)
			RebuildTransferFunctionScriptingTraits (0ms)
			SetupTypeCache (449ms)
			ReleaseScriptCaches (1ms)
			RebuildScriptCaches (64ms)
			SetupLoadedEditorAssemblies (554ms)
				LogAssemblyErrors (0ms)
				InitializePlatformSupportModulesInManaged (7ms)
				SetLoadedEditorAssemblies (1ms)
				RefreshPlugins (1ms)
				BeforeProcessingInitializeOnLoad (120ms)
				ProcessInitializeOnLoadAttributes (329ms)
				ProcessInitializeOnLoadMethodAttributes (95ms)
				AfterProcessingInitializeOnLoad (1ms)
				EditorAssembliesLoaded (0ms)
			ExecutionOrderSort2 (0ms)
			AwakeInstancesAfterBackupRestoration (10ms)
Platform modules already initialized, skipping
Refreshing native plugins compatible for Editor in 0.80 ms, found 2 plugins.
Preloading 0 native plugins for Editor in 0.00 ms.
Unloading 2141 Unused Serialized files (Serialized files now loaded: 0)
System memory in use before: 204.8 MB.
System memory in use after: 204.9 MB.

Unloading 46 unused Assets to reduce memory usage. Loaded Objects now: 2614.
Total: 8.257211 ms (FindLiveObjects: 0.233697 ms CreateObjectMapping: 0.120731 ms MarkObjects: 7.858882 ms  DeleteObjects: 0.042154 ms)

AssetImportParameters requested are different than current active one (requested -> active):
  custom:video-decoder-ogg-theora: a1e56fd34408186e4bbccfd4996cb3dc -> 
  custom:container-muxer-webm: aa71ff27fc2769a1b78a27578f13a17b -> 
  custom:container-demuxer-webm: 4f35f7cbe854078d1ac9338744f61a02 -> 
  custom:container-demuxer-ogg: 62fdf1f143b41e24485cea50d1cbac27 -> 
  custom:video-encoder-webm-vp8: eb34c28f22e8b96e1ab97ce403110664 -> 
  custom:framework-osx-AVFoundation: e770b220cccbd017edd2c1fefb359320 -> 
  custom:video-decoder-webm-vp8: 9c59270c3fd7afecdb556c50c9e8de78 -> 
  custom:audio-decoder-ogg-vorbis: bf7c407c2cedff20999df2af8eb42d56 -> 
  custom:audio-encoder-webm-vorbis: bf7c407c2cedff20999df2af8eb42d56 -> 
========================================================================
Received Prepare
Refreshing native plugins compatible for Editor in 6.92 ms, found 2 plugins.
Preloading 0 native plugins for Editor in 0.00 ms.
Unloading 44 Unused Serialized files (Serialized files now loaded: 0)
System memory in use before: 163.0 MB.
System memory in use after: 163.1 MB.

Unloading 44 unused Assets to reduce memory usage. Loaded Objects now: 2614.
Total: 7.374906 ms (FindLiveObjects: 0.178595 ms CreateObjectMapping: 0.079148 ms MarkObjects: 7.073561 ms  DeleteObjects: 0.042221 ms)

AssetImportParameters requested are different than current active one (requested -> active):
  custom:video-decoder-ogg-theora: a1e56fd34408186e4bbccfd4996cb3dc -> 
  custom:container-muxer-webm: aa71ff27fc2769a1b78a27578f13a17b -> 
  custom:container-demuxer-webm: 4f35f7cbe854078d1ac9338744f61a02 -> 
  custom:container-demuxer-ogg: 62fdf1f143b41e24485cea50d1cbac27 -> 
  custom:video-encoder-webm-vp8: eb34c28f22e8b96e1ab97ce403110664 -> 
  custom:framework-osx-AVFoundation: e770b220cccbd017edd2c1fefb359320 -> 
  custom:video-decoder-webm-vp8: 9c59270c3fd7afecdb556c50c9e8de78 -> 
  custom:audio-decoder-ogg-vorbis: bf7c407c2cedff20999df2af8eb42d56 -> 
  custom:audio-encoder-webm-vorbis: bf7c407c2cedff20999df2af8eb42d56 -> 
========================================================================
Received Prepare
Refreshing native plugins compatible for Editor in 22.15 ms, found 2 plugins.
Preloading 0 native plugins for Editor in 0.00 ms.
Unloading 44 Unused Serialized files (Serialized files now loaded: 0)
System memory in use before: 163.0 MB.
System memory in use after: 163.1 MB.

Unloading 44 unused Assets to reduce memory usage. Loaded Objects now: 2614.
Total: 7.976473 ms (FindLiveObjects: 0.158826 ms CreateObjectMapping: 0.075675 ms MarkObjects: 7.703910 ms  DeleteObjects: 0.036932 ms)

AssetImportParameters requested are different than current active one (requested -> active):
  custom:video-decoder-ogg-theora: a1e56fd34408186e4bbccfd4996cb3dc -> 
  custom:container-muxer-webm: aa71ff27fc2769a1b78a27578f13a17b -> 
  custom:container-demuxer-webm: 4f35f7cbe854078d1ac9338744f61a02 -> 
  custom:container-demuxer-ogg: 62fdf1f143b41e24485cea50d1cbac27 -> 
  custom:video-encoder-webm-vp8: eb34c28f22e8b96e1ab97ce403110664 -> 
  custom:framework-osx-AVFoundation: e770b220cccbd017edd2c1fefb359320 -> 
  custom:video-decoder-webm-vp8: 9c59270c3fd7afecdb556c50c9e8de78 -> 
  custom:audio-decoder-ogg-vorbis: bf7c407c2cedff20999df2af8eb42d56 -> 
  custom:audio-encoder-webm-vorbis: bf7c407c2cedff20999df2af8eb42d56 -> 
========================================================================
Received Import Request.
  Time since last request: 1448.757470 seconds.
  path: Assets/Art/Icons/v2/Android 512x512.png
  artifactKey: Guid(8d0e886285577fc40b65d7b9163747cf) Importer(815301076,1909f56bfc062723c751e8b465ee728b)
Start importing Assets/Art/Icons/v2/Android 512x512.png using Guid(8d0e886285577fc40b65d7b9163747cf) Importer(815301076,1909f56bfc062723c751e8b465ee728b)  -> (artifact id: '4f5646c25db3a88d570896434d5fcc9d') in 0.122460 seconds 
========================================================================
Received Prepare
Refreshing native plugins compatible for Editor in 24.49 ms, found 2 plugins.
Preloading 0 native plugins for Editor in 0.00 ms.
Unloading 44 Unused Serialized files (Serialized files now loaded: 0)
System memory in use before: 163.6 MB.
System memory in use after: 163.7 MB.

Unloading 44 unused Assets to reduce memory usage. Loaded Objects now: 2615.
Total: 12.241550 ms (FindLiveObjects: 0.461044 ms CreateObjectMapping: 0.272417 ms MarkObjects: 11.456775 ms  DeleteObjects: 0.049870 ms)

AssetImportParameters requested are different than current active one (requested -> active):
  custom:video-decoder-ogg-theora: a1e56fd34408186e4bbccfd4996cb3dc -> 
  custom:container-muxer-webm: aa71ff27fc2769a1b78a27578f13a17b -> 
  custom:container-demuxer-webm: 4f35f7cbe854078d1ac9338744f61a02 -> 
  custom:container-demuxer-ogg: 62fdf1f143b41e24485cea50d1cbac27 -> 
  custom:video-encoder-webm-vp8: eb34c28f22e8b96e1ab97ce403110664 -> 
  custom:framework-osx-AVFoundation: e770b220cccbd017edd2c1fefb359320 -> 
  custom:video-decoder-webm-vp8: 9c59270c3fd7afecdb556c50c9e8de78 -> 
  custom:audio-decoder-ogg-vorbis: bf7c407c2cedff20999df2af8eb42d56 -> 
  custom:audio-encoder-webm-vorbis: bf7c407c2cedff20999df2af8eb42d56 -> 
========================================================================
Received Import Request.
  Time since last request: 187.868979 seconds.
  path: Assets/Prefabs/Enemy.prefab
  artifactKey: Guid(aa6b56158c3b5f8479f20ad7f790cc4a) Importer(815301076,1909f56bfc062723c751e8b465ee728b)
Start importing Assets/Prefabs/Enemy.prefab using Guid(aa6b56158c3b5f8479f20ad7f790cc4a) Importer(815301076,1909f56bfc062723c751e8b465ee728b)  -> (artifact id: '47906a3aa9de57a6d9a66d408b147fd7') in 1.101278 seconds 
========================================================================
Received Import Request.
  Time since last request: 0.000337 seconds.
  path: Assets/Prefabs/Platform.prefab
  artifactKey: Guid(0a0f900d310628448a4366d9d7c16394) Importer(815301076,1909f56bfc062723c751e8b465ee728b)
Start importing Assets/Prefabs/Platform.prefab using Guid(0a0f900d310628448a4366d9d7c16394) Importer(815301076,1909f56bfc062723c751e8b465ee728b)  -> (artifact id: 'ca85ddb10a0ba43969bb8e76b677d026') in 0.208136 seconds 
========================================================================
Received Import Request.
  Time since last request: 1.677072 seconds.
  path: Assets/Resources/BillingMode.json
  artifactKey: Guid(b621b424c5680421e8bef1ea268dce58) Importer(815301076,1909f56bfc062723c751e8b465ee728b)
Start importing Assets/Resources/BillingMode.json using Guid(b621b424c5680421e8bef1ea268dce58) Importer(815301076,1909f56bfc062723c751e8b465ee728b)  -> (artifact id: '32f5f768ccfe3d4023f3db0e0c8ebc4d') in 0.486279 seconds 
========================================================================
Received Import Request.
  Time since last request: 2.531929 seconds.
  path: Assets/Fonts/AmaticSC-Bold.ttf
  artifactKey: Guid(7eea80dd638066048bdd49ec7f589e96) Importer(815301076,1909f56bfc062723c751e8b465ee728b)
Start importing Assets/Fonts/AmaticSC-Bold.ttf using Guid(7eea80dd638066048bdd49ec7f589e96) Importer(815301076,1909f56bfc062723c751e8b465ee728b)  -> (artifact id: '1846197ef5940d078e30b6c4fd3118e4') in 2.756883 seconds 
========================================================================
Received Import Request.
  Time since last request: 0.000437 seconds.
  path: Assets/Audio/Death.wav
  artifactKey: Guid(cb297a47174cd004e9bd6f00bfa2595a) Importer(815301076,1909f56bfc062723c751e8b465ee728b)
Start importing Assets/Audio/Death.wav using Guid(cb297a47174cd004e9bd6f00bfa2595a) Importer(815301076,1909f56bfc062723c751e8b465ee728b)  -> (artifact id: 'b4f56909cbc8756eec4aea80064c0ca7') in 1.617729 seconds 
========================================================================
Received Import Request.
  Time since last request: 0.000467 seconds.
  path: Assets/Audio/Top Enemy Collision.wav
  artifactKey: Guid(9bffe541989b421408a3e18e0e113e8a) Importer(815301076,1909f56bfc062723c751e8b465ee728b)
Start importing Assets/Audio/Top Enemy Collision.wav using Guid(9bffe541989b421408a3e18e0e113e8a) Importer(815301076,1909f56bfc062723c751e8b465ee728b)  -> (artifact id: '470af58e2e3e5b31a77dabda4c39f938') in 0.019637 seconds 
========================================================================
Received Import Request.
  Time since last request: 0.000480 seconds.
  path: Assets/Audio/PickUp.wav
  artifactKey: Guid(b6deb5365dd686b468f0337a1a864f2b) Importer(815301076,1909f56bfc062723c751e8b465ee728b)
Start importing Assets/Audio/PickUp.wav using Guid(b6deb5365dd686b468f0337a1a864f2b) Importer(815301076,1909f56bfc062723c751e8b465ee728b)  -> (artifact id: 'e731b7e630a0cfea9fff1cb458905417') in 0.022414 seconds 
========================================================================
Received Import Request.
  Time since last request: 0.000433 seconds.
  path: Assets/Audio/Click.wav
  artifactKey: Guid(3c1201355e2e1f047a50ae138715e600) Importer(815301076,1909f56bfc062723c751e8b465ee728b)
Start importing Assets/Audio/Click.wav using Guid(3c1201355e2e1f047a50ae138715e600) Importer(815301076,1909f56bfc062723c751e8b465ee728b)  -> (artifact id: 'a243241d92b69f0a3590402502172b60') in 0.017683 seconds 
========================================================================
Received Import Request.
  Time since last request: 0.000784 seconds.
  path: Assets/Fonts/AmaticSC-Regular.ttf
  artifactKey: Guid(f36895f04e71e554db4388c9f28aa1b7) Importer(815301076,1909f56bfc062723c751e8b465ee728b)
Start importing Assets/Fonts/AmaticSC-Regular.ttf using Guid(f36895f04e71e554db4388c9f28aa1b7) Importer(815301076,1909f56bfc062723c751e8b465ee728b)  -> (artifact id: '42c46faeca1e497c5d6631eb46c286c1') in 0.032608 seconds 
========================================================================
Received Import Request.
  Time since last request: 0.000344 seconds.
  path: Assets/Audio/Jump.wav
  artifactKey: Guid(e4056b7f8ddd12642b9c42f34c62e396) Importer(815301076,1909f56bfc062723c751e8b465ee728b)
Start importing Assets/Audio/Jump.wav using Guid(e4056b7f8ddd12642b9c42f34c62e396) Importer(815301076,1909f56bfc062723c751e8b465ee728b)  -> (artifact id: '3591f4381822735bbb661084d043fd64') in 0.017003 seconds 
========================================================================
Received Import Request.
  Time since last request: 0.074757 seconds.
  path: Assets/Art/Christmas Platform.psd
  artifactKey: Guid(597f479b7f86cac44873d311e19438c8) Importer(815301076,1909f56bfc062723c751e8b465ee728b)
Start importing Assets/Art/Christmas Platform.psd using Guid(597f479b7f86cac44873d311e19438c8) Importer(815301076,1909f56bfc062723c751e8b465ee728b)  -> (artifact id: '48a55ec23f7c923d9981cb9f4cbc0ebf') in 1.406349 seconds 
========================================================================
Received Import Request.
  Time since last request: 0.000378 seconds.
  path: Assets/Art/Food Items Spritesheet.psd
  artifactKey: Guid(aedc1495fde463b48a2256c46812b015) Importer(815301076,1909f56bfc062723c751e8b465ee728b)
Start importing Assets/Art/Food Items Spritesheet.psd using Guid(aedc1495fde463b48a2256c46812b015) Importer(815301076,1909f56bfc062723c751e8b465ee728b)  -> (artifact id: 'c9b35646849e2fd9e9af90fecc7c0ae0') in 0.494239 seconds 
========================================================================
Received Import Request.
  Time since last request: 0.000416 seconds.
  path: Assets/Art/Platform.psd
  artifactKey: Guid(63100882927a05149b08f5951686be87) Importer(815301076,1909f56bfc062723c751e8b465ee728b)
Start importing Assets/Art/Platform.psd using Guid(63100882927a05149b08f5951686be87) Importer(815301076,1909f56bfc062723c751e8b465ee728b)  -> (artifact id: 'b273f22bffee988b1c0990129ab9ca96') in 0.023567 seconds 
========================================================================
Received Import Request.
  Time since last request: 21.592497 seconds.
  path: Assets/Scripts/GameObjects/Instructions.cs
  artifactKey: Guid(58ded36ad63b89841a37fa617a337ea3) Importer(815301076,1909f56bfc062723c751e8b465ee728b)
Start importing Assets/Scripts/GameObjects/Instructions.cs using Guid(58ded36ad63b89841a37fa617a337ea3) Importer(815301076,1909f56bfc062723c751e8b465ee728b)  -> (artifact id: 'e96beff8595e79d35734bf1772d0093f') in 0.002625 seconds 
========================================================================
Received Prepare
Registering precompiled user dll's ...
Registered in 0.003773 seconds.
Begin MonoManager ReloadAssembly
Native extension for OSXStandalone target not found
Native extension for WebGL target not found
Refreshing native plugins compatible for Editor in 0.85 ms, found 2 plugins.
Preloading 0 native plugins for Editor in 0.00 ms.
2022-03-25 15:54:08.300 Unity[93984:1801713] NSEventModifierFlagFunction specified to -setKeyEquivalentModifierMask: for item <NSMenuItem: 0x600003e25340 Font Asset, ke='Command-F12'>, but is only supported for system-provided menu items; will not be used
Mono: successfully reloaded assembly
- Completed reload, in  1.636 seconds
Domain Reload Profiling:
	ReloadAssembly (1637ms)
		BeginReloadAssembly (156ms)
			ExecutionOrderSort (0ms)
			DisableScriptedObjects (8ms)
			BackupInstance (0ms)
			ReleaseScriptingObjects (0ms)
			CreateAndSetChildDomain (71ms)
		EndReloadAssembly (1379ms)
			LoadAssemblies (128ms)
			RebuildTransferFunctionScriptingTraits (0ms)
			SetupTypeCache (479ms)
			ReleaseScriptCaches (2ms)
			RebuildScriptCaches (69ms)
			SetupLoadedEditorAssemblies (541ms)
				LogAssemblyErrors (0ms)
				InitializePlatformSupportModulesInManaged (7ms)
				SetLoadedEditorAssemblies (1ms)
				RefreshPlugins (1ms)
				BeforeProcessingInitializeOnLoad (122ms)
				ProcessInitializeOnLoadAttributes (321ms)
				ProcessInitializeOnLoadMethodAttributes (89ms)
				AfterProcessingInitializeOnLoad (1ms)
				EditorAssembliesLoaded (0ms)
			ExecutionOrderSort2 (0ms)
			AwakeInstancesAfterBackupRestoration (10ms)
Platform modules already initialized, skipping
Refreshing native plugins compatible for Editor in 0.79 ms, found 2 plugins.
Preloading 0 native plugins for Editor in 0.00 ms.
Unloading 2141 Unused Serialized files (Serialized files now loaded: 0)
System memory in use before: 227.4 MB.
System memory in use after: 227.6 MB.

Unloading 46 unused Assets to reduce memory usage. Loaded Objects now: 2781.
Total: 7.653623 ms (FindLiveObjects: 0.194366 ms CreateObjectMapping: 0.087495 ms MarkObjects: 7.326954 ms  DeleteObjects: 0.043291 ms)

AssetImportParameters requested are different than current active one (requested -> active):
  custom:video-decoder-ogg-theora: a1e56fd34408186e4bbccfd4996cb3dc -> 
  custom:container-muxer-webm: aa71ff27fc2769a1b78a27578f13a17b -> 
  custom:container-demuxer-webm: 4f35f7cbe854078d1ac9338744f61a02 -> 
  custom:container-demuxer-ogg: 62fdf1f143b41e24485cea50d1cbac27 -> 
  custom:video-encoder-webm-vp8: eb34c28f22e8b96e1ab97ce403110664 -> 
  custom:framework-osx-AVFoundation: e770b220cccbd017edd2c1fefb359320 -> 
  custom:video-decoder-webm-vp8: 9c59270c3fd7afecdb556c50c9e8de78 -> 
  custom:audio-decoder-ogg-vorbis: bf7c407c2cedff20999df2af8eb42d56 -> 
  custom:audio-encoder-webm-vorbis: bf7c407c2cedff20999df2af8eb42d56 -> 
========================================================================
Received Import Request.
  Time since last request: 121.027456 seconds.
  path: Assets/Scripts/GameObjects/Player.cs
  artifactKey: Guid(5c78121f04e68dd4d9cca02025eefa3e) Importer(815301076,1909f56bfc062723c751e8b465ee728b)
Start importing Assets/Scripts/GameObjects/Player.cs using Guid(5c78121f04e68dd4d9cca02025eefa3e) Importer(815301076,1909f56bfc062723c751e8b465ee728b)  -> (artifact id: 'b071d61ffb04a1c0c6f0b1ddc0fc4439') in 0.005342 seconds 
========================================================================
Received Prepare
Registering precompiled user dll's ...
Registered in 0.001946 seconds.
Begin MonoManager ReloadAssembly
Native extension for OSXStandalone target not found
Native extension for WebGL target not found
Refreshing native plugins compatible for Editor in 0.80 ms, found 2 plugins.
Preloading 0 native plugins for Editor in 0.00 ms.
2022-03-25 15:54:18.057 Unity[93984:1801713] NSEventModifierFlagFunction specified to -setKeyEquivalentModifierMask: for item <NSMenuItem: 0x600003e25960 Font Asset, ke='Command-F12'>, but is only supported for system-provided menu items; will not be used
Mono: successfully reloaded assembly
- Completed reload, in  1.565 seconds
Domain Reload Profiling:
	ReloadAssembly (1566ms)
		BeginReloadAssembly (162ms)
			ExecutionOrderSort (0ms)
			DisableScriptedObjects (12ms)
			BackupInstance (0ms)
			ReleaseScriptingObjects (0ms)
			CreateAndSetChildDomain (71ms)
		EndReloadAssembly (1323ms)
			LoadAssemblies (102ms)
			RebuildTransferFunctionScriptingTraits (0ms)
			SetupTypeCache (439ms)
			ReleaseScriptCaches (1ms)
			RebuildScriptCaches (69ms)
			SetupLoadedEditorAssemblies (535ms)
				LogAssemblyErrors (0ms)
				InitializePlatformSupportModulesInManaged (7ms)
				SetLoadedEditorAssemblies (1ms)
				RefreshPlugins (1ms)
				BeforeProcessingInitializeOnLoad (149ms)
				ProcessInitializeOnLoadAttributes (275ms)
				ProcessInitializeOnLoadMethodAttributes (101ms)
				AfterProcessingInitializeOnLoad (1ms)
				EditorAssembliesLoaded (0ms)
			ExecutionOrderSort2 (0ms)
			AwakeInstancesAfterBackupRestoration (13ms)
Platform modules already initialized, skipping
Refreshing native plugins compatible for Editor in 0.98 ms, found 2 plugins.
Preloading 0 native plugins for Editor in 0.00 ms.
Unloading 2141 Unused Serialized files (Serialized files now loaded: 0)
System memory in use before: 227.5 MB.
System memory in use after: 227.8 MB.

Unloading 46 unused Assets to reduce memory usage. Loaded Objects now: 2784.
Total: 7.393516 ms (FindLiveObjects: 0.205615 ms CreateObjectMapping: 0.085016 ms MarkObjects: 7.047090 ms  DeleteObjects: 0.053998 ms)

AssetImportParameters requested are different than current active one (requested -> active):
  custom:video-decoder-ogg-theora: a1e56fd34408186e4bbccfd4996cb3dc -> 
  custom:container-muxer-webm: aa71ff27fc2769a1b78a27578f13a17b -> 
  custom:container-demuxer-webm: 4f35f7cbe854078d1ac9338744f61a02 -> 
  custom:container-demuxer-ogg: 62fdf1f143b41e24485cea50d1cbac27 -> 
  custom:video-encoder-webm-vp8: eb34c28f22e8b96e1ab97ce403110664 -> 
  custom:framework-osx-AVFoundation: e770b220cccbd017edd2c1fefb359320 -> 
  custom:video-decoder-webm-vp8: 9c59270c3fd7afecdb556c50c9e8de78 -> 
  custom:audio-decoder-ogg-vorbis: bf7c407c2cedff20999df2af8eb42d56 -> 
  custom:audio-encoder-webm-vorbis: bf7c407c2cedff20999df2af8eb42d56 -> 
========================================================================
Received Prepare
Registering precompiled user dll's ...
Registered in 0.003513 seconds.
Begin MonoManager ReloadAssembly
Native extension for OSXStandalone target not found
Native extension for WebGL target not found
Refreshing native plugins compatible for Editor in 0.94 ms, found 2 plugins.
Preloading 0 native plugins for Editor in 0.00 ms.
2022-03-25 15:55:58.088 Unity[93984:1801713] NSEventModifierFlagFunction specified to -setKeyEquivalentModifierMask: for item <NSMenuItem: 0x600003e20460 Font Asset, ke='Command-F12'>, but is only supported for system-provided menu items; will not be used
Mono: successfully reloaded assembly
- Completed reload, in  1.882 seconds
Domain Reload Profiling:
	ReloadAssembly (1883ms)
		BeginReloadAssembly (169ms)
			ExecutionOrderSort (0ms)
			DisableScriptedObjects (13ms)
			BackupInstance (0ms)
			ReleaseScriptingObjects (0ms)
			CreateAndSetChildDomain (71ms)
		EndReloadAssembly (1607ms)
			LoadAssemblies (119ms)
			RebuildTransferFunctionScriptingTraits (0ms)
			SetupTypeCache (514ms)
			ReleaseScriptCaches (1ms)
			RebuildScriptCaches (75ms)
			SetupLoadedEditorAssemblies (684ms)
				LogAssemblyErrors (0ms)
				InitializePlatformSupportModulesInManaged (10ms)
				SetLoadedEditorAssemblies (1ms)
				RefreshPlugins (1ms)
				BeforeProcessingInitializeOnLoad (154ms)
				ProcessInitializeOnLoadAttributes (394ms)
				ProcessInitializeOnLoadMethodAttributes (122ms)
				AfterProcessingInitializeOnLoad (2ms)
				EditorAssembliesLoaded (0ms)
			ExecutionOrderSort2 (0ms)
			AwakeInstancesAfterBackupRestoration (12ms)
Platform modules already initialized, skipping
Refreshing native plugins compatible for Editor in 1.09 ms, found 2 plugins.
Preloading 0 native plugins for Editor in 0.00 ms.
Unloading 2141 Unused Serialized files (Serialized files now loaded: 0)
System memory in use before: 227.7 MB.
System memory in use after: 228.0 MB.

Unloading 46 unused Assets to reduce memory usage. Loaded Objects now: 2787.
Total: 11.027776 ms (FindLiveObjects: 0.365499 ms CreateObjectMapping: 0.177576 ms MarkObjects: 10.439232 ms  DeleteObjects: 0.043915 ms)

AssetImportParameters requested are different than current active one (requested -> active):
  custom:video-decoder-ogg-theora: a1e56fd34408186e4bbccfd4996cb3dc -> 
  custom:container-muxer-webm: aa71ff27fc2769a1b78a27578f13a17b -> 
  custom:container-demuxer-webm: 4f35f7cbe854078d1ac9338744f61a02 -> 
  custom:container-demuxer-ogg: 62fdf1f143b41e24485cea50d1cbac27 -> 
  custom:video-encoder-webm-vp8: eb34c28f22e8b96e1ab97ce403110664 -> 
  custom:framework-osx-AVFoundation: e770b220cccbd017edd2c1fefb359320 -> 
  custom:video-decoder-webm-vp8: 9c59270c3fd7afecdb556c50c9e8de78 -> 
  custom:audio-decoder-ogg-vorbis: bf7c407c2cedff20999df2af8eb42d56 -> 
  custom:audio-encoder-webm-vorbis: bf7c407c2cedff20999df2af8eb42d56 -> 
========================================================================
Received Import Request.
  Time since last request: 113.715568 seconds.
  path: Assets/Scripts/GameObjects/Player.cs
  artifactKey: Guid(5c78121f04e68dd4d9cca02025eefa3e) Importer(815301076,1909f56bfc062723c751e8b465ee728b)
Start importing Assets/Scripts/GameObjects/Player.cs using Guid(5c78121f04e68dd4d9cca02025eefa3e) Importer(815301076,1909f56bfc062723c751e8b465ee728b)  -> (artifact id: '0b79a1c5c66530bb802c1cad2d677bc5') in 0.005800 seconds 
========================================================================
Received Prepare
Registering precompiled user dll's ...
Registered in 0.002140 seconds.
Begin MonoManager ReloadAssembly
Native extension for OSXStandalone target not found
Native extension for WebGL target not found
Refreshing native plugins compatible for Editor in 1.07 ms, found 2 plugins.
Preloading 0 native plugins for Editor in 0.00 ms.
2022-03-25 15:56:32.646 Unity[93984:1801713] NSEventModifierFlagFunction specified to -setKeyEquivalentModifierMask: for item <NSMenuItem: 0x600003e1ff00 Font Asset, ke='Command-F12'>, but is only supported for system-provided menu items; will not be used
Mono: successfully reloaded assembly
- Completed reload, in  1.818 seconds
Domain Reload Profiling:
	ReloadAssembly (1824ms)
		BeginReloadAssembly (136ms)
			ExecutionOrderSort (0ms)
			DisableScriptedObjects (8ms)
			BackupInstance (0ms)
			ReleaseScriptingObjects (0ms)
			CreateAndSetChildDomain (53ms)
		EndReloadAssembly (1559ms)
			LoadAssemblies (133ms)
			RebuildTransferFunctionScriptingTraits (0ms)
			SetupTypeCache (553ms)
			ReleaseScriptCaches (1ms)
			RebuildScriptCaches (73ms)
			SetupLoadedEditorAssemblies (619ms)
				LogAssemblyErrors (0ms)
				InitializePlatformSupportModulesInManaged (8ms)
				SetLoadedEditorAssemblies (1ms)
				RefreshPlugins (1ms)
				BeforeProcessingInitializeOnLoad (160ms)
				ProcessInitializeOnLoadAttributes (354ms)
				ProcessInitializeOnLoadMethodAttributes (93ms)
				AfterProcessingInitializeOnLoad (1ms)
				EditorAssembliesLoaded (0ms)
			ExecutionOrderSort2 (0ms)
			AwakeInstancesAfterBackupRestoration (11ms)
Platform modules already initialized, skipping
Refreshing native plugins compatible for Editor in 0.97 ms, found 2 plugins.
Preloading 0 native plugins for Editor in 0.00 ms.
Unloading 2141 Unused Serialized files (Serialized files now loaded: 0)
System memory in use before: 227.9 MB.
System memory in use after: 228.1 MB.

Unloading 46 unused Assets to reduce memory usage. Loaded Objects now: 2790.
Total: 7.018263 ms (FindLiveObjects: 0.196138 ms CreateObjectMapping: 0.086012 ms MarkObjects: 6.694409 ms  DeleteObjects: 0.040708 ms)

AssetImportParameters requested are different than current active one (requested -> active):
  custom:video-decoder-ogg-theora: a1e56fd34408186e4bbccfd4996cb3dc -> 
  custom:container-muxer-webm: aa71ff27fc2769a1b78a27578f13a17b -> 
  custom:container-demuxer-webm: 4f35f7cbe854078d1ac9338744f61a02 -> 
  custom:container-demuxer-ogg: 62fdf1f143b41e24485cea50d1cbac27 -> 
  custom:video-encoder-webm-vp8: eb34c28f22e8b96e1ab97ce403110664 -> 
  custom:framework-osx-AVFoundation: e770b220cccbd017edd2c1fefb359320 -> 
  custom:video-decoder-webm-vp8: 9c59270c3fd7afecdb556c50c9e8de78 -> 
  custom:audio-decoder-ogg-vorbis: bf7c407c2cedff20999df2af8eb42d56 -> 
  custom:audio-encoder-webm-vorbis: bf7c407c2cedff20999df2af8eb42d56 -> 
========================================================================
Received Prepare
Registering precompiled user dll's ...
Registered in 0.001936 seconds.
Begin MonoManager ReloadAssembly
Native extension for OSXStandalone target not found
Native extension for WebGL target not found
Refreshing native plugins compatible for Editor in 1.09 ms, found 2 plugins.
Preloading 0 native plugins for Editor in 0.00 ms.
2022-03-25 15:57:44.007 Unity[93984:1801713] NSEventModifierFlagFunction specified to -setKeyEquivalentModifierMask: for item <NSMenuItem: 0x600003e2b950 Font Asset, ke='Command-F12'>, but is only supported for system-provided menu items; will not be used
Mono: successfully reloaded assembly
- Completed reload, in  1.829 seconds
Domain Reload Profiling:
	ReloadAssembly (1830ms)
		BeginReloadAssembly (155ms)
			ExecutionOrderSort (0ms)
			DisableScriptedObjects (10ms)
			BackupInstance (0ms)
			ReleaseScriptingObjects (0ms)
			CreateAndSetChildDomain (64ms)
		EndReloadAssembly (1589ms)
			LoadAssemblies (105ms)
			RebuildTransferFunctionScriptingTraits (0ms)
			SetupTypeCache (516ms)
			ReleaseScriptCaches (1ms)
			RebuildScriptCaches (75ms)
			SetupLoadedEditorAssemblies (684ms)
				LogAssemblyErrors (0ms)
				InitializePlatformSupportModulesInManaged (7ms)
				SetLoadedEditorAssemblies (1ms)
				RefreshPlugins (1ms)
				BeforeProcessingInitializeOnLoad (126ms)
				ProcessInitializeOnLoadAttributes (418ms)
				ProcessInitializeOnLoadMethodAttributes (129ms)
				AfterProcessingInitializeOnLoad (2ms)
				EditorAssembliesLoaded (0ms)
			ExecutionOrderSort2 (0ms)
			AwakeInstancesAfterBackupRestoration (11ms)
Platform modules already initialized, skipping
Refreshing native plugins compatible for Editor in 0.79 ms, found 2 plugins.
Preloading 0 native plugins for Editor in 0.00 ms.
Unloading 2141 Unused Serialized files (Serialized files now loaded: 0)
System memory in use before: 228.1 MB.
System memory in use after: 228.3 MB.

Unloading 46 unused Assets to reduce memory usage. Loaded Objects now: 2793.
Total: 8.998810 ms (FindLiveObjects: 0.210854 ms CreateObjectMapping: 0.085518 ms MarkObjects: 8.657592 ms  DeleteObjects: 0.042939 ms)

AssetImportParameters requested are different than current active one (requested -> active):
  custom:video-decoder-ogg-theora: a1e56fd34408186e4bbccfd4996cb3dc -> 
  custom:container-muxer-webm: aa71ff27fc2769a1b78a27578f13a17b -> 
  custom:container-demuxer-webm: 4f35f7cbe854078d1ac9338744f61a02 -> 
  custom:container-demuxer-ogg: 62fdf1f143b41e24485cea50d1cbac27 -> 
  custom:video-encoder-webm-vp8: eb34c28f22e8b96e1ab97ce403110664 -> 
  custom:framework-osx-AVFoundation: e770b220cccbd017edd2c1fefb359320 -> 
  custom:video-decoder-webm-vp8: 9c59270c3fd7afecdb556c50c9e8de78 -> 
  custom:audio-decoder-ogg-vorbis: bf7c407c2cedff20999df2af8eb42d56 -> 
  custom:audio-encoder-webm-vorbis: bf7c407c2cedff20999df2af8eb42d56 -> 
========================================================================
Received Import Request.
  Time since last request: 124.205355 seconds.
  path: Assets/Scripts/GameObjects/Food.cs
  artifactKey: Guid(8dc6eb01b7bd42a41bbc06752856d90c) Importer(815301076,1909f56bfc062723c751e8b465ee728b)
Start importing Assets/Scripts/GameObjects/Food.cs using Guid(8dc6eb01b7bd42a41bbc06752856d90c) Importer(815301076,1909f56bfc062723c751e8b465ee728b)  -> (artifact id: 'c74bdcc22a1d78ced2b3cda084b15619') in 0.006437 seconds 
========================================================================
Received Import Request.
  Time since last request: 2.646140 seconds.
  path: Assets/Scripts/GameObjects/Enemy.cs
  artifactKey: Guid(8b46b1eda1fe28146894ac5a00b0bfb8) Importer(815301076,1909f56bfc062723c751e8b465ee728b)
Start importing Assets/Scripts/GameObjects/Enemy.cs using Guid(8b46b1eda1fe28146894ac5a00b0bfb8) Importer(815301076,1909f56bfc062723c751e8b465ee728b)  -> (artifact id: 'e36908e2237ad78de19d78cdf2f4f2ad') in 0.002065 seconds 
========================================================================
Received Import Request.
  Time since last request: 5.352122 seconds.
  path: Assets/Scripts/GameObjects/CameraFollow.cs
  artifactKey: Guid(c47a76201395c66478cb8a5c4f3385a1) Importer(815301076,1909f56bfc062723c751e8b465ee728b)
Start importing Assets/Scripts/GameObjects/CameraFollow.cs using Guid(c47a76201395c66478cb8a5c4f3385a1) Importer(815301076,1909f56bfc062723c751e8b465ee728b)  -> (artifact id: 'b7c6f8c95fb8634eedc60ebdaa5e9de8') in 0.002442 seconds 
========================================================================
Received Prepare
Registering precompiled user dll's ...
Registered in 0.002775 seconds.
Begin MonoManager ReloadAssembly
Native extension for OSXStandalone target not found
Native extension for WebGL target not found
Refreshing native plugins compatible for Editor in 1.08 ms, found 2 plugins.
Preloading 0 native plugins for Editor in 0.00 ms.
2022-03-25 15:58:48.989 Unity[93984:1801713] NSEventModifierFlagFunction specified to -setKeyEquivalentModifierMask: for item <NSMenuItem: 0x600003e3a1b0 Font Asset, ke='Command-F12'>, but is only supported for system-provided menu items; will not be used
Mono: successfully reloaded assembly
- Completed reload, in  1.671 seconds
Domain Reload Profiling:
	ReloadAssembly (1672ms)
		BeginReloadAssembly (151ms)
			ExecutionOrderSort (0ms)
			DisableScriptedObjects (8ms)
			BackupInstance (0ms)
			ReleaseScriptingObjects (0ms)
			CreateAndSetChildDomain (59ms)
		EndReloadAssembly (1433ms)
			LoadAssemblies (115ms)
			RebuildTransferFunctionScriptingTraits (0ms)
			SetupTypeCache (476ms)
			ReleaseScriptCaches (1ms)
			RebuildScriptCaches (68ms)
			SetupLoadedEditorAssemblies (606ms)
				LogAssemblyErrors (0ms)
				InitializePlatformSupportModulesInManaged (11ms)
				SetLoadedEditorAssemblies (1ms)
				RefreshPlugins (1ms)
				BeforeProcessingInitializeOnLoad (161ms)
				ProcessInitializeOnLoadAttributes (330ms)
				ProcessInitializeOnLoadMethodAttributes (99ms)
				AfterProcessingInitializeOnLoad (2ms)
				EditorAssembliesLoaded (0ms)
			ExecutionOrderSort2 (0ms)
			AwakeInstancesAfterBackupRestoration (11ms)
Platform modules already initialized, skipping
Refreshing native plugins compatible for Editor in 1.02 ms, found 2 plugins.
Preloading 0 native plugins for Editor in 0.00 ms.
Unloading 2141 Unused Serialized files (Serialized files now loaded: 0)
System memory in use before: 228.3 MB.
System memory in use after: 228.5 MB.

Unloading 46 unused Assets to reduce memory usage. Loaded Objects now: 2796.
Total: 7.520411 ms (FindLiveObjects: 0.204832 ms CreateObjectMapping: 0.079944 ms MarkObjects: 7.195478 ms  DeleteObjects: 0.039001 ms)

AssetImportParameters requested are different than current active one (requested -> active):
  custom:video-decoder-ogg-theora: a1e56fd34408186e4bbccfd4996cb3dc -> 
  custom:container-muxer-webm: aa71ff27fc2769a1b78a27578f13a17b -> 
  custom:container-demuxer-webm: 4f35f7cbe854078d1ac9338744f61a02 -> 
  custom:container-demuxer-ogg: 62fdf1f143b41e24485cea50d1cbac27 -> 
  custom:video-encoder-webm-vp8: eb34c28f22e8b96e1ab97ce403110664 -> 
  custom:framework-osx-AVFoundation: e770b220cccbd017edd2c1fefb359320 -> 
  custom:video-decoder-webm-vp8: 9c59270c3fd7afecdb556c50c9e8de78 -> 
  custom:audio-decoder-ogg-vorbis: bf7c407c2cedff20999df2af8eb42d56 -> 
  custom:audio-encoder-webm-vorbis: bf7c407c2cedff20999df2af8eb42d56 -> 
========================================================================
Received Import Request.
  Time since last request: 54.595910 seconds.
  path: Assets/Animations/Instructions/Instructions.controller
  artifactKey: Guid(177e3fbf266dbce4b9c8f247b36ad3b3) Importer(815301076,1909f56bfc062723c751e8b465ee728b)
Start importing Assets/Animations/Instructions/Instructions.controller using Guid(177e3fbf266dbce4b9c8f247b36ad3b3) Importer(815301076,1909f56bfc062723c751e8b465ee728b)  -> (artifact id: '86583767ed29f323300607887738f89e') in 0.158788 seconds 
========================================================================
Received Import Request.
  Time since last request: 53.817681 seconds.
  path: Assets/Scripts/GameObjects/Instructions.cs
  artifactKey: Guid(58ded36ad63b89841a37fa617a337ea3) Importer(815301076,1909f56bfc062723c751e8b465ee728b)
Start importing Assets/Scripts/GameObjects/Instructions.cs using Guid(58ded36ad63b89841a37fa617a337ea3) Importer(815301076,1909f56bfc062723c751e8b465ee728b)  -> (artifact id: '2b0676e08b69369d6b7031a649b349e3') in 0.006015 seconds 
AssetImportWorkerClient::OnTransportError - code=2 error=End of file
